<?xml version="1.0" encoding="UTF-8"?>
<!-- Generated by org.testng.reporters.JUnitReportReporter -->
<testsuite hostname="LAPTOP-MTP36T1R" failures="0" tests="3" name="TestScriptsCallin.CheckOutInfoCll" time="21.729" errors="0" timestamp="2024-04-29T08:54:05 IST" skipped="0">
  <testcase classname="TestScriptsCallin.CheckOutInfoCll" name="AddingTocart" time="4.218"/>
  <testcase classname="TestScriptsCallin.CheckOutInfoCll" name="checkInfovalid" time="6.907"/>
  <testcase classname="TestScriptsCallin.CheckOutInfoCll" name="checkInfoAllBlankCredentials" time="10.604"/>
</testsuite> <!-- TestScriptsCallin.CheckOutInfoCll -->
