<?xml version="1.0" encoding="UTF-8"?>
<!-- Generated by org.testng.reporters.JUnitReportReporter -->
<testsuite hostname="LAPTOP-MTP36T1R" failures="0" tests="1" name="TestScriptsCallin.aDDToCart" time="20.436" errors="0" timestamp="2024-04-29T08:50:03 IST" skipped="0">
  <testcase classname="TestScriptsCallin.aDDToCart" name="AddingMultiProducts" time="20.436"/>
</testsuite> <!-- TestScriptsCallin.aDDToCart -->
