<?xml version="1.0" encoding="UTF-8"?>
<!-- Generated by org.testng.reporters.JUnitReportReporter -->
<testsuite hostname="LAPTOP-MTP36T1R" failures="0" tests="3" name="TestScriptsCallin.CheckEmptyCart" time="10.826" errors="0" timestamp="2024-04-29T08:51:57 IST" skipped="0">
  <testcase classname="TestScriptsCallin.CheckEmptyCart" name="launchBroser" time="5.827"/>
  <testcase classname="TestScriptsCallin.CheckEmptyCart" name="AddandRemovefromCart" time="4.949"/>
  <testcase classname="TestScriptsCallin.CheckEmptyCart" name="CheckEmptyCart" time="0.050"/>
</testsuite> <!-- TestScriptsCallin.CheckEmptyCart -->
