<?xml version="1.0" encoding="UTF-8"?>
<!-- Generated by org.testng.reporters.JUnitReportReporter -->
<testsuite hostname="LAPTOP-MTP36T1R" failures="0" tests="1" name="TestScriptsCallin.LogOut" time="4.545" errors="0" timestamp="2024-04-29T14:41:42 IST" skipped="0">
  <testcase classname="TestScriptsCallin.LogOut" name="logOut" time="4.545"/>
</testsuite> <!-- TestScriptsCallin.LogOut -->
