<?xml version="1.0" encoding="UTF-8"?>
<!-- Generated by org.testng.reporters.JUnitReportReporter -->
<testsuite hostname="LAPTOP-MTP36T1R" failures="0" tests="3" name="TestScriptsCallin.CheckPriceandDetails" time="53.305" errors="0" timestamp="2024-04-29T09:42:50 IST" skipped="0">
  <testcase classname="TestScriptsCallin.CheckPriceandDetails" name="CheckPrice" time="17.527"/>
  <testcase classname="TestScriptsCallin.CheckPriceandDetails" name="TotalPrice" time="18.992"/>
  <testcase classname="TestScriptsCallin.CheckPriceandDetails" name="Productname" time="16.786"/>
</testsuite> <!-- TestScriptsCallin.CheckPriceandDetails -->
