<?xml version="1.0" encoding="UTF-8"?>
<!-- Generated by org.testng.reporters.JUnitReportReporter -->
<testsuite hostname="LAPTOP-MTP36T1R" failures="0" tests="6" name="TestScriptsCallin.AddCART" time="21.074" errors="0" timestamp="2024-04-29T09:44:52 IST" skipped="0">
  <testcase classname="TestScriptsCallin.AddCART" name="LuURL" time="4.761"/>
  <testcase classname="TestScriptsCallin.AddCART" name="login" time="6.622"/>
  <testcase classname="TestScriptsCallin.AddCART" name="AddTocartFromhomepage" time="3.221"/>
  <testcase classname="TestScriptsCallin.AddCART" name="GotoCartCheck" time="0.267"/>
  <testcase classname="TestScriptsCallin.AddCART" name="removeFromCart" time="3.102"/>
  <testcase classname="TestScriptsCallin.AddCART" name="ContinueShoping" time="3.101"/>
</testsuite> <!-- TestScriptsCallin.AddCART -->
