<?xml version="1.0" encoding="UTF-8"?>
<!-- Generated by org.testng.reporters.JUnitReportReporter -->
<testsuite hostname="LAPTOP-MTP36T1R" failures="0" tests="2" name="TestScriptsCallin.FooterCall" time="17.072" errors="0" timestamp="2024-04-24T17:24:25 IST" skipped="0">
  <testcase classname="TestScriptsCallin.FooterCall" name="launchBrow" time="9.524"/>
  <testcase classname="TestScriptsCallin.FooterCall" name="opTionscheck" time="7.548"/>
</testsuite> <!-- TestScriptsCallin.FooterCall -->
